[2020-08-25 00:59:14] START
[2020-08-25 00:59:38] CREATE webhook.py: 0
[2020-08-25 01:04:00] EDIT turismobot/controllers/webhook.py: 2
[2020-08-25 01:04:57] EDIT turismobot/controllers/webhook.py: 0
[2020-08-25 01:05:18] EDIT turismobot/controllers/webhook.py: 0
[2020-08-25 01:05:24] EDIT turismobot/controllers/webhook.py: 0
[2020-08-25 01:12:08] EDIT turismobot/controllers/webhook.py: 0
[2020-08-25 01:13:38] EDIT turismobot/controllers/webhook.py: 0
[2020-08-25 02:52:45] CREATE df_response_lib.py: 0
[2020-08-25 02:53:28] EDIT turismobot/modules/df_response_lib.py: 438
[2020-08-25 02:53:36] EDIT turismobot/modules/df_response_lib.py: 0
[2020-08-25 02:56:12] CREATE 0.py: 0
[2020-08-25 02:56:19] EDIT turismobot/models/0.py: 13
[2020-08-25 02:57:04] CREATE facebook_template_lib.py: 0
[2020-08-25 02:57:12] EDIT turismobot/modules/facebook_template_lib.py: 52
[2020-08-25 02:57:16] EDIT turismobot/modules/facebook_template_lib.py: 0
[2020-08-25 02:57:32] EDIT turismobot/controllers/webhook.py: 1
[2020-08-25 03:00:44] EDIT turismobot/controllers/webhook.py: 1
[2020-08-25 03:05:21] EDIT turismobot/controllers/webhook.py: 0
[2020-08-25 03:07:16] EDIT turismobot/controllers/webhook.py: 1
[2020-08-25 03:08:01] EDIT turismobot/controllers/webhook.py: 0
[2020-08-25 03:09:36] EDIT turismobot/controllers/webhook.py: 0
[2020-08-25 03:11:48] EDIT turismobot/models/db.py: 0
[2020-08-25 03:13:18] EDIT turismobot/controllers/webhook.py: 1
[2020-08-25 03:13:29] EDIT turismobot/models/db.py: 0
[2020-08-25 03:13:32] EDIT turismobot/models/db.py: 0
[2020-08-25 03:16:32] EDIT turismobot/models/0.py: 2
[2020-08-25 03:17:23] EDIT turismobot/controllers/webhook.py: 3
[2020-08-25 03:27:03] EDIT turismobot/controllers/webhook.py: 36
[2020-08-25 03:33:00] EDIT turismobot/controllers/webhook.py: -18
[2020-08-25 03:34:56] EDIT turismobot/controllers/webhook.py: 0
[2020-08-25 03:35:02] EDIT turismobot/controllers/webhook.py: 0
[2020-08-25 03:37:16] EDIT turismobot/controllers/webhook.py: 0
[2020-08-25 03:48:17] EDIT turismobot/controllers/webhook.py: -6
[2020-08-25 03:49:29] EDIT turismobot/controllers/webhook.py: 6
[2020-08-25 03:50:45] EDIT turismobot/controllers/webhook.py: -2
[2020-08-25 03:52:30] EDIT turismobot/controllers/webhook.py: -1
[2020-08-25 03:53:45] EDIT turismobot/controllers/webhook.py: 10
[2020-08-25 03:57:43] EDIT turismobot/controllers/webhook.py: 17
[2020-08-25 03:59:45] EDIT turismobot/controllers/webhook.py: 0
[2020-08-25 04:02:06] EDIT turismobot/controllers/webhook.py: -25
[2020-08-25 04:13:56] EDIT turismobot/controllers/webhook.py: 0
[2020-08-25 04:34:16] EDIT turismobot/controllers/webhook.py: -8
[2020-08-25 04:39:52] EDIT turismobot/modules/df_response_lib.py: 0
[2020-08-25 04:40:26] EDIT turismobot/controllers/webhook.py: -2
[2020-08-25 04:46:10] EDIT turismobot/controllers/webhook.py: 0
[2020-08-25 04:47:31] EDIT turismobot/controllers/webhook.py: 1
[2020-08-25 04:47:35] EDIT turismobot/controllers/webhook.py: 0
[2020-08-25 04:47:36] EDIT turismobot/controllers/webhook.py: 0
[2020-08-25 04:48:37] EDIT turismobot/controllers/webhook.py: 0
[2020-08-25 04:49:09] EDIT turismobot/controllers/webhook.py: 0
[2020-08-25 04:49:11] EDIT turismobot/controllers/webhook.py: 0
[2020-08-25 05:06:05] EDIT turismobot/controllers/webhook.py: 17
[2020-08-25 05:06:30] EDIT turismobot/controllers/webhook.py: 0
[2020-08-25 05:08:12] EDIT turismobot/controllers/webhook.py: -2
[2020-08-25 05:13:53] EDIT turismobot/controllers/webhook.py: 1
[2020-08-25 13:59:56] EDIT turismobot/controllers/webhook.py: -16
[2020-09-14 02:42:40] EDIT turismobot/controllers/webhook.py: 2
[2020-09-14 03:47:23] EDIT turismobot/controllers/webhook.py: -1
[2020-09-14 03:47:29] EDIT turismobot/controllers/webhook.py: 0
[2020-09-14 04:20:47] EDIT turismobot/controllers/webhook.py: 5
[2020-09-14 04:22:20] EDIT turismobot/controllers/webhook.py: 0
[2020-09-14 04:23:09] EDIT turismobot/controllers/webhook.py: 0
[2020-09-14 04:28:07] EDIT turismobot/controllers/webhook.py: 0
[2020-09-14 04:29:52] EDIT turismobot/controllers/webhook.py: 0
